mode: set
github.com/Justi/projectseapig/runners/pythonrunner/pythonrunner.go:15.72,20.29 3 1
github.com/Justi/projectseapig/runners/pythonrunner/pythonrunner.go:20.29,22.29 2 1
github.com/Justi/projectseapig/runners/pythonrunner/pythonrunner.go:22.29,24.4 1 1
github.com/Justi/projectseapig/runners/pythonrunner/pythonrunner.go:27.2,27.19 1 1
github.com/Justi/projectseapig/runners/pythonrunner/pythonrunner.go:30.77,48.2 1 1
github.com/Justi/projectseapig/runners/gorunner/gotester.go:13.68,17.16 3 1
github.com/Justi/projectseapig/runners/gorunner/gotester.go:17.16,19.3 1 0
github.com/Justi/projectseapig/runners/gorunner/gotester.go:21.2,24.29 3 1
github.com/Justi/projectseapig/runners/gorunner/gotester.go:24.29,26.38 2 1
github.com/Justi/projectseapig/runners/gorunner/gotester.go:26.38,28.4 1 1
github.com/Justi/projectseapig/runners/gorunner/gotester.go:31.2,31.19 1 1
github.com/Justi/projectseapig/runners/gorunner/gotester.go:34.73,46.2 4 1
github.com/Justi/projectseapig/main.go:11.13,14.2 2 0
github.com/Justi/projectseapig/factory/factory.go:14.55,15.14 1 1
github.com/Justi/projectseapig/factory/factory.go:16.14,17.39 1 1
github.com/Justi/projectseapig/factory/factory.go:19.12,20.35 1 1
github.com/Justi/projectseapig/factory/factory.go:21.12,22.35 1 1
github.com/Justi/projectseapig/factory/factory.go:23.16,24.43 1 1
github.com/Justi/projectseapig/factory/factory.go:25.10,26.50 1 0
github.com/Justi/projectseapig/factory/log.go:10.29,14.11 2 1
github.com/Justi/projectseapig/factory/log.go:14.11,16.3 1 1
github.com/Justi/projectseapig/factory/log.go:16.8,18.3 1 1
github.com/Justi/projectseapig/factory/viper.go:9.19,22.16 10 1
github.com/Justi/projectseapig/factory/viper.go:22.16,24.3 1 1
github.com/Justi/projectseapig/factory/viper.go:26.2,26.46 1 1
github.com/Justi/projectseapig/factory/viper.go:26.46,28.3 1 0
github.com/Justi/projectseapig/runners/jsrunner/jstester.go:15.68,23.29 3 1
github.com/Justi/projectseapig/runners/jsrunner/jstester.go:23.29,26.3 2 1
github.com/Justi/projectseapig/runners/jsrunner/jstester.go:28.2,28.19 1 1
github.com/Justi/projectseapig/runners/jsrunner/jstester.go:53.73,71.2 1 1
github.com/Justi/projectseapig/runners/javarunner/javatester.go:15.70,18.89 2 1
github.com/Justi/projectseapig/runners/javarunner/javatester.go:18.89,19.17 1 1
github.com/Justi/projectseapig/runners/javarunner/javatester.go:19.17,21.4 1 0
github.com/Justi/projectseapig/runners/javarunner/javatester.go:23.3,23.67 1 1
github.com/Justi/projectseapig/runners/javarunner/javatester.go:23.67,26.4 2 1
github.com/Justi/projectseapig/runners/javarunner/javatester.go:27.3,27.13 1 1
github.com/Justi/projectseapig/runners/javarunner/javatester.go:30.2,30.19 1 1
github.com/Justi/projectseapig/runners/javarunner/javatester.go:34.75,38.46 2 1
github.com/Justi/projectseapig/runners/javarunner/javatester.go:38.46,40.3 1 0
github.com/Justi/projectseapig/runners/javarunner/javatester.go:43.2,43.16 1 1
github.com/Justi/projectseapig/runners/javarunner/javatester.go:43.16,44.52 1 1
github.com/Justi/projectseapig/runners/javarunner/javatester.go:44.52,46.4 1 0
github.com/Justi/projectseapig/runners/javarunner/javatester.go:46.9,46.63 1 1
github.com/Justi/projectseapig/runners/javarunner/javatester.go:46.63,48.4 1 0
github.com/Justi/projectseapig/runners/javarunner/javatester.go:52.2,52.16 1 1
github.com/Justi/projectseapig/runners/javarunner/javatester.go:52.16,58.3 1 1
github.com/Justi/projectseapig/runners/javarunner/javatester.go:61.2,68.8 3 0
github.com/Justi/projectseapig/cmd/list.go:16.47,18.3 1 0
github.com/Justi/projectseapig/cmd/list.go:21.13,33.2 1 0
github.com/Justi/projectseapig/cmd/logs.go:21.47,24.17 3 0
github.com/Justi/projectseapig/cmd/logs.go:24.17,26.4 1 0
github.com/Justi/projectseapig/cmd/logs.go:27.3,29.20 2 0
github.com/Justi/projectseapig/cmd/logs.go:29.20,32.4 1 0
github.com/Justi/projectseapig/cmd/logs.go:32.9,35.4 1 0
github.com/Justi/projectseapig/cmd/logs.go:40.32,41.42 1 0
github.com/Justi/projectseapig/cmd/logs.go:41.42,43.20 2 0
github.com/Justi/projectseapig/cmd/logs.go:43.20,46.4 2 0
github.com/Justi/projectseapig/cmd/logs.go:48.3,52.49 3 0
github.com/Justi/projectseapig/cmd/logs.go:52.49,54.48 2 0
github.com/Justi/projectseapig/cmd/logs.go:54.48,56.5 1 0
github.com/Justi/projectseapig/cmd/logs.go:59.4,61.14 3 0
github.com/Justi/projectseapig/cmd/logs.go:65.2,65.16 1 0
github.com/Justi/projectseapig/cmd/logs.go:65.16,67.3 1 0
github.com/Justi/projectseapig/cmd/logs.go:70.56,71.42 1 0
github.com/Justi/projectseapig/cmd/logs.go:71.42,73.20 2 0
github.com/Justi/projectseapig/cmd/logs.go:73.20,76.4 2 0
github.com/Justi/projectseapig/cmd/logs.go:78.3,82.49 3 0
github.com/Justi/projectseapig/cmd/logs.go:82.49,84.48 2 0
github.com/Justi/projectseapig/cmd/logs.go:84.48,86.5 1 0
github.com/Justi/projectseapig/cmd/logs.go:89.4,89.32 1 0
github.com/Justi/projectseapig/cmd/logs.go:89.32,98.31 4 0
github.com/Justi/projectseapig/cmd/logs.go:98.31,100.21 2 0
github.com/Justi/projectseapig/cmd/logs.go:100.21,102.7 1 0
github.com/Justi/projectseapig/cmd/logs.go:104.6,108.21 2 0
github.com/Justi/projectseapig/cmd/logs.go:108.21,109.27 1 0
github.com/Justi/projectseapig/cmd/logs.go:109.27,111.8 1 0
github.com/Justi/projectseapig/cmd/logs.go:112.7,112.27 1 0
github.com/Justi/projectseapig/cmd/logs.go:112.27,114.8 1 0
github.com/Justi/projectseapig/cmd/logs.go:115.7,115.32 1 0
github.com/Justi/projectseapig/cmd/logs.go:115.32,117.8 1 0
github.com/Justi/projectseapig/cmd/logs.go:120.5,120.18 1 0
github.com/Justi/projectseapig/cmd/logs.go:122.4,122.14 1 0
github.com/Justi/projectseapig/cmd/logs.go:125.3,125.13 1 0
github.com/Justi/projectseapig/cmd/logs.go:125.13,128.4 2 0
github.com/Justi/projectseapig/cmd/logs.go:130.3,130.13 1 0
github.com/Justi/projectseapig/cmd/logs.go:133.2,133.16 1 0
github.com/Justi/projectseapig/cmd/logs.go:133.16,135.3 1 0
github.com/Justi/projectseapig/cmd/logs.go:138.13,141.2 1 0
github.com/Justi/projectseapig/cmd/pig.go:34.47,37.19 2 0
github.com/Justi/projectseapig/cmd/pig.go:37.19,39.4 1 0
github.com/Justi/projectseapig/cmd/pig.go:40.3,42.11 2 0
github.com/Justi/projectseapig/cmd/pig.go:42.11,44.4 1 0
github.com/Justi/projectseapig/cmd/pig.go:46.3,47.17 2 0
github.com/Justi/projectseapig/cmd/pig.go:47.17,50.4 2 0
github.com/Justi/projectseapig/cmd/pig.go:50.9,50.48 1 0
github.com/Justi/projectseapig/cmd/pig.go:50.48,52.4 1 0
github.com/Justi/projectseapig/cmd/pig.go:53.3,60.34 5 0
github.com/Justi/projectseapig/cmd/pig.go:60.34,62.27 1 0
github.com/Justi/projectseapig/cmd/pig.go:62.27,66.24 3 0
github.com/Justi/projectseapig/cmd/pig.go:66.24,72.20 5 0
github.com/Justi/projectseapig/cmd/pig.go:72.20,74.7 1 0
github.com/Justi/projectseapig/cmd/pig.go:78.3,78.13 1 0
github.com/Justi/projectseapig/cmd/pig.go:78.13,82.4 3 0
github.com/Justi/projectseapig/cmd/pig.go:84.3,85.20 2 0
github.com/Justi/projectseapig/cmd/pig.go:85.20,87.4 1 0
github.com/Justi/projectseapig/cmd/pig.go:88.3,88.20 1 0
github.com/Justi/projectseapig/cmd/pig.go:95.56,97.39 1 0
github.com/Justi/projectseapig/cmd/pig.go:97.39,107.17 4 0
github.com/Justi/projectseapig/cmd/pig.go:107.17,109.4 1 0
github.com/Justi/projectseapig/cmd/pig.go:114.48,119.39 5 0
github.com/Justi/projectseapig/cmd/pig.go:119.39,122.3 2 0
github.com/Justi/projectseapig/cmd/pig.go:123.2,123.16 1 0
github.com/Justi/projectseapig/cmd/pig.go:123.16,126.3 2 0
github.com/Justi/projectseapig/cmd/pig.go:128.2,129.16 2 0
github.com/Justi/projectseapig/cmd/pig.go:129.16,132.3 2 0
github.com/Justi/projectseapig/cmd/pig.go:134.2,134.12 1 0
github.com/Justi/projectseapig/cmd/pig.go:134.12,137.3 2 0
github.com/Justi/projectseapig/cmd/pig.go:139.2,139.18 1 0
github.com/Justi/projectseapig/cmd/pig.go:142.13,149.2 5 0
github.com/Justi/projectseapig/cmd/root.go:13.34,15.2 1 0
github.com/Justi/projectseapig/cmd/root.go:31.16,34.16 3 0
github.com/Justi/projectseapig/cmd/root.go:34.16,36.3 1 0
github.com/Justi/projectseapig/cmd/root.go:39.13,51.2 2 0
github.com/Justi/projectseapig/cmd/run.go:27.47,30.17 2 0
github.com/Justi/projectseapig/cmd/run.go:30.17,33.4 2 0
github.com/Justi/projectseapig/cmd/run.go:35.3,40.13 6 0
github.com/Justi/projectseapig/cmd/run.go:40.13,43.4 2 0
github.com/Justi/projectseapig/cmd/run.go:44.3,44.25 1 0
github.com/Justi/projectseapig/cmd/run.go:44.25,48.21 4 0
github.com/Justi/projectseapig/cmd/run.go:48.21,51.5 2 0
github.com/Justi/projectseapig/cmd/run.go:51.10,54.5 2 0
github.com/Justi/projectseapig/cmd/run.go:59.112,62.26 2 0
github.com/Justi/projectseapig/cmd/run.go:62.26,66.18 4 0
github.com/Justi/projectseapig/cmd/run.go:66.18,67.12 1 0
github.com/Justi/projectseapig/cmd/run.go:69.3,74.20 2 0
github.com/Justi/projectseapig/cmd/run.go:78.13,83.2 3 0
github.com/Justi/projectseapig/runners/testerinterface.go:32.27,34.13 2 0
github.com/Justi/projectseapig/runners/testerinterface.go:34.13,36.3 1 0
github.com/Justi/projectseapig/runners/testerinterface.go:37.2,39.34 3 0
github.com/Justi/projectseapig/runners/testerinterface.go:39.34,40.18 1 0
github.com/Justi/projectseapig/runners/testerinterface.go:40.18,42.4 1 0
github.com/Justi/projectseapig/runners/testerinterface.go:42.9,44.4 1 0
github.com/Justi/projectseapig/runners/testerinterface.go:47.2,50.63 2 0
github.com/Justi/projectseapig/logs/boltlogs.go:15.52,19.16 2 1
github.com/Justi/projectseapig/logs/boltlogs.go:19.16,21.3 1 0
github.com/Justi/projectseapig/logs/boltlogs.go:22.2,22.31 1 1
github.com/Justi/projectseapig/logs/boltlogs.go:25.68,26.46 1 1
github.com/Justi/projectseapig/logs/boltlogs.go:26.46,29.17 2 1
github.com/Justi/projectseapig/logs/boltlogs.go:29.17,31.4 1 0
github.com/Justi/projectseapig/logs/boltlogs.go:34.3,35.17 2 1
github.com/Justi/projectseapig/logs/boltlogs.go:35.17,37.4 1 0
github.com/Justi/projectseapig/logs/boltlogs.go:40.3,43.43 2 1
