mode: set
github.com/Justi/projectseapig/runners/testerinterface.go:32.27,34.13 2 1
github.com/Justi/projectseapig/runners/testerinterface.go:34.13,36.3 1 0
github.com/Justi/projectseapig/runners/testerinterface.go:38.2,38.34 1 1
github.com/Justi/projectseapig/runners/testerinterface.go:38.34,39.18 1 1
github.com/Justi/projectseapig/runners/testerinterface.go:39.18,41.4 1 1
github.com/Justi/projectseapig/runners/testerinterface.go:41.9,43.4 1 1
github.com/Justi/projectseapig/runners/testerinterface.go:46.2,49.63 2 1
github.com/Justi/projectseapig/runners/javarunner/javatester.go:24.70,31.45 4 1
github.com/Justi/projectseapig/runners/javarunner/javatester.go:31.45,33.3 1 1
github.com/Justi/projectseapig/runners/javarunner/javatester.go:35.2,35.88 1 1
github.com/Justi/projectseapig/runners/javarunner/javatester.go:35.88,36.17 1 1
github.com/Justi/projectseapig/runners/javarunner/javatester.go:36.17,38.4 1 0
github.com/Justi/projectseapig/runners/javarunner/javatester.go:40.3,40.67 1 1
github.com/Justi/projectseapig/runners/javarunner/javatester.go:40.67,43.18 2 1
github.com/Justi/projectseapig/runners/javarunner/javatester.go:43.18,45.5 1 0
github.com/Justi/projectseapig/runners/javarunner/javatester.go:48.4,51.31 3 1
github.com/Justi/projectseapig/runners/javarunner/javatester.go:53.3,53.13 1 1
github.com/Justi/projectseapig/runners/javarunner/javatester.go:56.2,56.19 1 1
github.com/Justi/projectseapig/runners/javarunner/javatester.go:59.75,67.34 5 1
github.com/Justi/projectseapig/runners/javarunner/javatester.go:67.34,69.3 1 0
github.com/Justi/projectseapig/runners/javarunner/javatester.go:69.8,72.23 2 1
github.com/Justi/projectseapig/runners/javarunner/javatester.go:72.23,73.33 1 0
github.com/Justi/projectseapig/runners/javarunner/javatester.go:73.33,75.5 1 0
github.com/Justi/projectseapig/runners/javarunner/javatester.go:75.10,77.5 1 0
github.com/Justi/projectseapig/runners/javarunner/javatester.go:82.2,83.57 2 1
github.com/Justi/projectseapig/runners/javarunner/javatester.go:83.57,84.83 1 0
github.com/Justi/projectseapig/runners/javarunner/javatester.go:84.83,86.4 1 0
github.com/Justi/projectseapig/runners/javarunner/javatester.go:90.2,93.20 3 1
github.com/Justi/projectseapig/runners/javarunner/javatester.go:93.20,95.3 1 0
github.com/Justi/projectseapig/runners/javarunner/javatester.go:97.2,105.8 3 1
github.com/Justi/projectseapig/logs/boltlogs.go:16.52,20.16 2 1
github.com/Justi/projectseapig/logs/boltlogs.go:20.16,22.3 1 0
github.com/Justi/projectseapig/logs/boltlogs.go:23.2,23.31 1 1
github.com/Justi/projectseapig/logs/boltlogs.go:26.34,27.17 1 0
github.com/Justi/projectseapig/logs/boltlogs.go:27.17,29.3 1 0
github.com/Justi/projectseapig/logs/boltlogs.go:30.2,30.12 1 0
github.com/Justi/projectseapig/logs/boltlogs.go:33.69,34.46 1 1
github.com/Justi/projectseapig/logs/boltlogs.go:34.46,36.17 2 1
github.com/Justi/projectseapig/logs/boltlogs.go:36.17,38.4 1 0
github.com/Justi/projectseapig/logs/boltlogs.go:41.3,41.28 1 1
github.com/Justi/projectseapig/logs/boltlogs.go:41.28,43.4 1 1
github.com/Justi/projectseapig/logs/boltlogs.go:45.3,46.17 2 1
github.com/Justi/projectseapig/logs/boltlogs.go:46.17,48.4 1 0
github.com/Justi/projectseapig/logs/boltlogs.go:51.3,53.43 2 1
github.com/Justi/projectseapig/factory/factory.go:18.76,20.32 2 1
github.com/Justi/projectseapig/factory/factory.go:20.32,22.3 1 0
github.com/Justi/projectseapig/factory/factory.go:24.2,24.14 1 1
github.com/Justi/projectseapig/factory/factory.go:25.14,31.80 3 1
github.com/Justi/projectseapig/factory/factory.go:31.80,35.33 3 0
github.com/Justi/projectseapig/factory/factory.go:35.33,37.5 1 0
github.com/Justi/projectseapig/factory/factory.go:38.4,38.74 1 0
github.com/Justi/projectseapig/factory/factory.go:38.74,40.5 1 0
github.com/Justi/projectseapig/factory/factory.go:43.3,48.9 1 1
github.com/Justi/projectseapig/factory/factory.go:49.12,54.9 1 1
github.com/Justi/projectseapig/factory/factory.go:55.12,60.9 1 1
github.com/Justi/projectseapig/factory/factory.go:61.16,67.9 1 1
github.com/Justi/projectseapig/factory/factory.go:68.10,69.50 1 0
github.com/Justi/projectseapig/factory/log.go:10.29,14.11 2 1
github.com/Justi/projectseapig/factory/log.go:14.11,16.3 1 1
github.com/Justi/projectseapig/factory/log.go:16.8,18.3 1 1
github.com/Justi/projectseapig/factory/viper.go:12.19,20.49 4 1
github.com/Justi/projectseapig/factory/viper.go:20.49,22.3 1 1
github.com/Justi/projectseapig/factory/viper.go:25.2,25.47 1 1
github.com/Justi/projectseapig/factory/viper.go:25.47,27.3 1 1
github.com/Justi/projectseapig/factory/viper.go:30.2,33.45 3 1
github.com/Justi/projectseapig/factory/viper.go:33.45,36.3 1 1
github.com/Justi/projectseapig/factory/viper.go:36.8,39.3 1 0
github.com/Justi/projectseapig/factory/viper.go:41.2,41.46 1 1
github.com/Justi/projectseapig/factory/viper.go:41.46,43.3 1 0
github.com/Justi/projectseapig/main.go:11.13,14.2 2 0
github.com/Justi/projectseapig/cmd/list.go:16.47,18.3 1 0
github.com/Justi/projectseapig/cmd/list.go:21.13,33.2 1 1
github.com/Justi/projectseapig/cmd/logs.go:22.47,25.17 3 1
github.com/Justi/projectseapig/cmd/logs.go:25.17,27.4 1 0
github.com/Justi/projectseapig/cmd/logs.go:28.3,30.20 2 1
github.com/Justi/projectseapig/cmd/logs.go:30.20,33.4 1 1
github.com/Justi/projectseapig/cmd/logs.go:33.9,36.4 1 1
github.com/Justi/projectseapig/cmd/logs.go:41.32,42.42 1 1
github.com/Justi/projectseapig/cmd/logs.go:42.42,44.20 2 1
github.com/Justi/projectseapig/cmd/logs.go:44.20,47.4 2 0
github.com/Justi/projectseapig/cmd/logs.go:53.3,53.49 1 1
github.com/Justi/projectseapig/cmd/logs.go:53.49,55.48 2 1
github.com/Justi/projectseapig/cmd/logs.go:55.48,57.5 1 0
github.com/Justi/projectseapig/cmd/logs.go:60.4,62.24 3 1
github.com/Justi/projectseapig/cmd/logs.go:62.24,65.32 3 0
github.com/Justi/projectseapig/cmd/logs.go:65.32,66.39 1 0
github.com/Justi/projectseapig/cmd/logs.go:66.39,68.7 1 0
github.com/Justi/projectseapig/cmd/logs.go:70.5,70.18 1 0
github.com/Justi/projectseapig/cmd/logs.go:73.4,73.14 1 1
github.com/Justi/projectseapig/cmd/logs.go:77.2,77.16 1 1
github.com/Justi/projectseapig/cmd/logs.go:77.16,79.3 1 0
github.com/Justi/projectseapig/cmd/logs.go:82.56,83.42 1 1
github.com/Justi/projectseapig/cmd/logs.go:83.42,85.20 2 1
github.com/Justi/projectseapig/cmd/logs.go:85.20,88.4 2 0
github.com/Justi/projectseapig/cmd/logs.go:91.3,95.49 3 1
github.com/Justi/projectseapig/cmd/logs.go:95.49,97.48 2 1
github.com/Justi/projectseapig/cmd/logs.go:97.48,99.5 1 0
github.com/Justi/projectseapig/cmd/logs.go:102.4,102.32 1 1
github.com/Justi/projectseapig/cmd/logs.go:102.32,111.31 4 1
github.com/Justi/projectseapig/cmd/logs.go:111.31,113.21 2 1
github.com/Justi/projectseapig/cmd/logs.go:113.21,115.7 1 1
github.com/Justi/projectseapig/cmd/logs.go:117.6,121.21 2 1
github.com/Justi/projectseapig/cmd/logs.go:121.21,122.27 1 1
github.com/Justi/projectseapig/cmd/logs.go:122.27,124.8 1 1
github.com/Justi/projectseapig/cmd/logs.go:125.7,125.27 1 1
github.com/Justi/projectseapig/cmd/logs.go:125.27,127.8 1 0
github.com/Justi/projectseapig/cmd/logs.go:128.7,128.32 1 1
github.com/Justi/projectseapig/cmd/logs.go:128.32,130.8 1 0
github.com/Justi/projectseapig/cmd/logs.go:133.5,133.18 1 1
github.com/Justi/projectseapig/cmd/logs.go:135.4,135.14 1 1
github.com/Justi/projectseapig/cmd/logs.go:138.3,138.13 1 1
github.com/Justi/projectseapig/cmd/logs.go:138.13,141.4 2 0
github.com/Justi/projectseapig/cmd/logs.go:143.3,143.13 1 1
github.com/Justi/projectseapig/cmd/logs.go:146.2,146.16 1 1
github.com/Justi/projectseapig/cmd/logs.go:146.16,148.3 1 0
github.com/Justi/projectseapig/cmd/logs.go:151.13,154.2 1 1
github.com/Justi/projectseapig/cmd/pig.go:36.47,41.19 4 0
github.com/Justi/projectseapig/cmd/pig.go:41.19,43.4 1 0
github.com/Justi/projectseapig/cmd/pig.go:44.3,46.11 2 0
github.com/Justi/projectseapig/cmd/pig.go:46.11,48.4 1 0
github.com/Justi/projectseapig/cmd/pig.go:50.3,51.17 2 0
github.com/Justi/projectseapig/cmd/pig.go:51.17,54.4 2 0
github.com/Justi/projectseapig/cmd/pig.go:56.3,56.22 1 0
github.com/Justi/projectseapig/cmd/pig.go:56.22,58.4 1 0
github.com/Justi/projectseapig/cmd/pig.go:60.3,60.41 1 0
github.com/Justi/projectseapig/cmd/pig.go:60.41,62.4 1 0
github.com/Justi/projectseapig/cmd/pig.go:63.3,72.86 4 0
github.com/Justi/projectseapig/cmd/pig.go:72.86,88.29 8 0
github.com/Justi/projectseapig/cmd/pig.go:88.29,90.5 1 0
github.com/Justi/projectseapig/cmd/pig.go:92.4,92.18 1 0
github.com/Justi/projectseapig/cmd/pig.go:92.18,94.5 1 0
github.com/Justi/projectseapig/cmd/pig.go:96.4,96.21 1 0
github.com/Justi/projectseapig/cmd/pig.go:101.3,101.34 1 0
github.com/Justi/projectseapig/cmd/pig.go:101.34,102.27 1 0
github.com/Justi/projectseapig/cmd/pig.go:102.27,112.5 2 0
github.com/Justi/projectseapig/cmd/pig.go:116.3,116.13 1 0
github.com/Justi/projectseapig/cmd/pig.go:116.13,120.4 3 0
github.com/Justi/projectseapig/cmd/pig.go:121.3,124.20 3 0
github.com/Justi/projectseapig/cmd/pig.go:124.20,126.51 1 0
github.com/Justi/projectseapig/cmd/pig.go:126.51,127.27 1 0
github.com/Justi/projectseapig/cmd/pig.go:127.27,129.6 1 0
github.com/Justi/projectseapig/cmd/pig.go:129.11,129.34 1 0
github.com/Justi/projectseapig/cmd/pig.go:129.34,131.6 1 0
github.com/Justi/projectseapig/cmd/pig.go:134.4,134.56 1 0
github.com/Justi/projectseapig/cmd/pig.go:136.3,139.40 3 0
github.com/Justi/projectseapig/cmd/pig.go:154.109,155.38 1 1
github.com/Justi/projectseapig/cmd/pig.go:155.38,165.62 3 1
github.com/Justi/projectseapig/cmd/pig.go:165.62,167.4 1 0
github.com/Justi/projectseapig/cmd/pig.go:169.2,169.74 1 1
github.com/Justi/projectseapig/cmd/pig.go:173.48,178.39 5 0
github.com/Justi/projectseapig/cmd/pig.go:178.39,181.3 2 0
github.com/Justi/projectseapig/cmd/pig.go:182.2,182.16 1 0
github.com/Justi/projectseapig/cmd/pig.go:182.16,185.3 2 0
github.com/Justi/projectseapig/cmd/pig.go:187.2,188.16 2 0
github.com/Justi/projectseapig/cmd/pig.go:188.16,191.3 2 0
github.com/Justi/projectseapig/cmd/pig.go:193.2,193.12 1 0
github.com/Justi/projectseapig/cmd/pig.go:193.12,195.3 1 0
github.com/Justi/projectseapig/cmd/pig.go:197.2,197.18 1 0
github.com/Justi/projectseapig/cmd/pig.go:200.13,207.2 5 1
github.com/Justi/projectseapig/cmd/root.go:13.34,15.2 1 1
github.com/Justi/projectseapig/cmd/root.go:31.16,34.16 3 0
github.com/Justi/projectseapig/cmd/root.go:34.16,36.3 1 0
github.com/Justi/projectseapig/cmd/root.go:39.13,51.2 2 1
github.com/Justi/projectseapig/cmd/run.go:23.47,25.17 2 0
github.com/Justi/projectseapig/cmd/run.go:25.17,28.4 2 0
github.com/Justi/projectseapig/cmd/run.go:30.3,47.13 10 0
github.com/Justi/projectseapig/cmd/run.go:47.13,50.4 2 0
github.com/Justi/projectseapig/cmd/run.go:53.3,53.13 1 0
github.com/Justi/projectseapig/cmd/run.go:53.13,56.4 2 0
github.com/Justi/projectseapig/cmd/run.go:58.3,61.31 2 0
github.com/Justi/projectseapig/cmd/run.go:61.31,67.22 5 0
github.com/Justi/projectseapig/cmd/run.go:67.22,69.5 1 0
github.com/Justi/projectseapig/cmd/run.go:73.3,73.16 1 0
github.com/Justi/projectseapig/cmd/run.go:73.16,76.4 2 0
github.com/Justi/projectseapig/cmd/run.go:78.3,79.13 2 0
github.com/Justi/projectseapig/cmd/run.go:83.85,86.16 3 1
github.com/Justi/projectseapig/cmd/run.go:86.16,89.3 2 0
github.com/Justi/projectseapig/cmd/run.go:90.2,90.29 1 1
github.com/Justi/projectseapig/cmd/run.go:90.29,92.3 1 1
github.com/Justi/projectseapig/cmd/run.go:95.112,98.29 2 1
github.com/Justi/projectseapig/cmd/run.go:98.29,102.17 4 1
github.com/Justi/projectseapig/cmd/run.go:102.17,104.12 2 0
github.com/Justi/projectseapig/cmd/run.go:107.3,107.20 1 1
github.com/Justi/projectseapig/cmd/run.go:111.13,115.2 3 1
github.com/Justi/projectseapig/runners/pythonrunner/pythonrunner.go:22.72,27.15 4 1
github.com/Justi/projectseapig/runners/pythonrunner/pythonrunner.go:27.15,29.3 1 0
github.com/Justi/projectseapig/runners/pythonrunner/pythonrunner.go:32.2,36.20 4 1
github.com/Justi/projectseapig/runners/pythonrunner/pythonrunner.go:36.20,38.3 1 0
github.com/Justi/projectseapig/runners/pythonrunner/pythonrunner.go:40.2,41.16 2 1
github.com/Justi/projectseapig/runners/pythonrunner/pythonrunner.go:41.16,43.3 1 0
github.com/Justi/projectseapig/runners/pythonrunner/pythonrunner.go:45.2,48.29 3 1
github.com/Justi/projectseapig/runners/pythonrunner/pythonrunner.go:48.29,50.92 2 1
github.com/Justi/projectseapig/runners/pythonrunner/pythonrunner.go:50.92,52.4 1 1
github.com/Justi/projectseapig/runners/pythonrunner/pythonrunner.go:55.2,55.19 1 1
github.com/Justi/projectseapig/runners/pythonrunner/pythonrunner.go:58.77,63.15 4 1
github.com/Justi/projectseapig/runners/pythonrunner/pythonrunner.go:63.15,65.3 1 0
github.com/Justi/projectseapig/runners/pythonrunner/pythonrunner.go:68.2,78.20 8 1
github.com/Justi/projectseapig/runners/pythonrunner/pythonrunner.go:78.20,80.3 1 0
github.com/Justi/projectseapig/runners/pythonrunner/pythonrunner.go:81.2,87.43 5 1
github.com/Justi/projectseapig/runners/pythonrunner/pythonrunner.go:87.43,90.3 2 0
github.com/Justi/projectseapig/runners/pythonrunner/pythonrunner.go:92.2,97.8 1 1
github.com/Justi/projectseapig/runners/jsrunner/jstester.go:24.68,32.16 6 1
github.com/Justi/projectseapig/runners/jsrunner/jstester.go:32.16,34.3 1 1
github.com/Justi/projectseapig/runners/jsrunner/jstester.go:36.2,38.29 3 0
github.com/Justi/projectseapig/runners/jsrunner/jstester.go:38.29,40.17 2 0
github.com/Justi/projectseapig/runners/jsrunner/jstester.go:40.17,42.4 1 0
github.com/Justi/projectseapig/runners/jsrunner/jstester.go:45.2,45.19 1 0
github.com/Justi/projectseapig/runners/jsrunner/jstester.go:48.73,53.15 4 1
github.com/Justi/projectseapig/runners/jsrunner/jstester.go:53.15,55.3 1 1
github.com/Justi/projectseapig/runners/jsrunner/jstester.go:57.2,58.34 2 1
github.com/Justi/projectseapig/runners/jsrunner/jstester.go:58.34,61.3 2 1
github.com/Justi/projectseapig/runners/jsrunner/jstester.go:61.8,63.3 1 0
github.com/Justi/projectseapig/runners/jsrunner/jstester.go:65.2,70.20 5 1
github.com/Justi/projectseapig/runners/jsrunner/jstester.go:70.20,72.3 1 0
github.com/Justi/projectseapig/runners/jsrunner/jstester.go:73.2,79.43 5 1
github.com/Justi/projectseapig/runners/jsrunner/jstester.go:79.43,82.3 2 1
github.com/Justi/projectseapig/runners/jsrunner/jstester.go:84.2,89.8 1 1
github.com/Justi/projectseapig/runners/gorunner/gotester.go:21.68,23.39 2 1
github.com/Justi/projectseapig/runners/gorunner/gotester.go:23.39,25.3 1 1
github.com/Justi/projectseapig/runners/gorunner/gotester.go:27.2,31.15 4 1
github.com/Justi/projectseapig/runners/gorunner/gotester.go:31.15,33.3 1 0
github.com/Justi/projectseapig/runners/gorunner/gotester.go:36.2,44.29 6 1
github.com/Justi/projectseapig/runners/gorunner/gotester.go:44.29,46.91 2 1
github.com/Justi/projectseapig/runners/gorunner/gotester.go:46.91,48.4 1 1
github.com/Justi/projectseapig/runners/gorunner/gotester.go:52.2,52.21 1 1
github.com/Justi/projectseapig/runners/gorunner/gotester.go:52.21,56.44 4 0
github.com/Justi/projectseapig/runners/gorunner/gotester.go:56.44,58.4 1 0
github.com/Justi/projectseapig/runners/gorunner/gotester.go:60.3,60.62 1 0
github.com/Justi/projectseapig/runners/gorunner/gotester.go:60.62,62.92 2 0
github.com/Justi/projectseapig/runners/gorunner/gotester.go:62.92,64.5 1 0
github.com/Justi/projectseapig/runners/gorunner/gotester.go:68.2,68.21 1 1
github.com/Justi/projectseapig/runners/gorunner/gotester.go:68.21,70.3 1 0
github.com/Justi/projectseapig/runners/gorunner/gotester.go:72.2,72.19 1 1
github.com/Justi/projectseapig/runners/gorunner/gotester.go:75.73,80.15 4 1
github.com/Justi/projectseapig/runners/gorunner/gotester.go:80.15,82.3 1 0
github.com/Justi/projectseapig/runners/gorunner/gotester.go:84.2,89.20 4 1
github.com/Justi/projectseapig/runners/gorunner/gotester.go:89.20,91.3 1 0
github.com/Justi/projectseapig/runners/gorunner/gotester.go:93.2,97.43 4 1
github.com/Justi/projectseapig/runners/gorunner/gotester.go:97.43,100.3 2 0
github.com/Justi/projectseapig/runners/gorunner/gotester.go:102.2,107.8 1 1
